<?xml version="1.0"?>
<!DOCTYPE coverage SYSTEM "http://cobertura.sourceforge.net/xml/coverage-04.dtd">

<coverage line-rate="0.5609243697478992" branch-rate="0.5705882352941176" lines-covered="267" lines-valid="476" branches-covered="97" branches-valid="170" complexity="1.9848484848484849" version="1.9.4.1" timestamp="1353017173424">
	<sources>
		<source>--source</source>
		<source>/Users/sxs/src/java/neuron/src/main/java</source>
	</sources>
	<packages>
		<package name="de.weltraumschaf.neuron" line-rate="0.0" branch-rate="1.0" complexity="1.125">
			<classes>
				<class name="de.weltraumschaf.neuron.App" filename="de/weltraumschaf/neuron/App.java" line-rate="0.0" branch-rate="1.0" complexity="1.3333333333333333">
					<methods>
						<method name="&lt;init&gt;" signature="([Ljava/lang/String;)V" line-rate="0.0" branch-rate="1.0">
							<lines>
								<line number="20" hits="0" branch="false"/>
								<line number="21" hits="0" branch="false"/>
							</lines>
						</method>
						<method name="execute" signature="()V" line-rate="0.0" branch-rate="1.0">
							<lines>
								<line number="50" hits="0" branch="false"/>
								<line number="51" hits="0" branch="false"/>
								<line number="52" hits="0" branch="false"/>
							</lines>
						</method>
						<method name="main" signature="([Ljava/lang/String;)V" line-rate="0.0" branch-rate="1.0">
							<lines>
								<line number="32" hits="0" branch="false"/>
								<line number="35" hits="0" branch="false"/>
								<line number="36" hits="0" branch="false"/>
								<line number="37" hits="0" branch="false"/>
								<line number="38" hits="0" branch="false"/>
								<line number="39" hits="0" branch="false"/>
								<line number="40" hits="0" branch="false"/>
								<line number="41" hits="0" branch="false"/>
							</lines>
						</method>
					</methods>
					<lines>
						<line number="20" hits="0" branch="false"/>
						<line number="21" hits="0" branch="false"/>
						<line number="32" hits="0" branch="false"/>
						<line number="35" hits="0" branch="false"/>
						<line number="36" hits="0" branch="false"/>
						<line number="37" hits="0" branch="false"/>
						<line number="38" hits="0" branch="false"/>
						<line number="39" hits="0" branch="false"/>
						<line number="40" hits="0" branch="false"/>
						<line number="41" hits="0" branch="false"/>
						<line number="50" hits="0" branch="false"/>
						<line number="51" hits="0" branch="false"/>
						<line number="52" hits="0" branch="false"/>
					</lines>
				</class>
				<class name="de.weltraumschaf.neuron.Message" filename="de/weltraumschaf/neuron/Message.java" line-rate="0.0" branch-rate="1.0" complexity="1.0">
					<methods>
						<method name="&lt;init&gt;" signature="(Ljava/lang/String;II)V" line-rate="0.0" branch-rate="1.0">
							<lines>
								<line number="48" hits="0" branch="false"/>
								<line number="49" hits="0" branch="false"/>
								<line number="50" hits="0" branch="false"/>
								<line number="51" hits="0" branch="false"/>
								<line number="52" hits="0" branch="false"/>
							</lines>
						</method>
						<method name="getFrom" signature="()I" line-rate="0.0" branch-rate="1.0">
							<lines>
								<line number="69" hits="0" branch="false"/>
							</lines>
						</method>
						<method name="getMsg" signature="()Ljava/lang/String;" line-rate="0.0" branch-rate="1.0">
							<lines>
								<line number="60" hits="0" branch="false"/>
							</lines>
						</method>
						<method name="getTo" signature="()I" line-rate="0.0" branch-rate="1.0">
							<lines>
								<line number="79" hits="0" branch="false"/>
							</lines>
						</method>
						<method name="toString" signature="()Ljava/lang/String;" line-rate="0.0" branch-rate="1.0">
							<lines>
								<line number="84" hits="0" branch="false"/>
							</lines>
						</method>
					</methods>
					<lines>
						<line number="48" hits="0" branch="false"/>
						<line number="49" hits="0" branch="false"/>
						<line number="50" hits="0" branch="false"/>
						<line number="51" hits="0" branch="false"/>
						<line number="52" hits="0" branch="false"/>
						<line number="60" hits="0" branch="false"/>
						<line number="69" hits="0" branch="false"/>
						<line number="79" hits="0" branch="false"/>
						<line number="84" hits="0" branch="false"/>
					</lines>
				</class>
			</classes>
		</package>
		<package name="de.weltraumschaf.neuron.cmd" line-rate="0.21019108280254778" branch-rate="0.13043478260869565" complexity="2.375">
			<classes>
				<class name="de.weltraumschaf.neuron.cmd.BaseCommand" filename="de/weltraumschaf/neuron/cmd/BaseCommand.java" line-rate="1.0" branch-rate="1.0" complexity="1.0">
					<methods>
						<method name="&lt;init&gt;" signature="(Lde/weltraumschaf/neuron/shell/Environment;Lde/weltraumschaf/commons/IO;Ljava/util/List;)V" line-rate="1.0" branch-rate="1.0">
							<lines>
								<line number="49" hits="5" branch="false"/>
								<line number="50" hits="5" branch="false"/>
								<line number="51" hits="5" branch="false"/>
								<line number="52" hits="5" branch="false"/>
								<line number="53" hits="5" branch="false"/>
							</lines>
						</method>
						<method name="getArguments" signature="()Ljava/util/List;" line-rate="1.0" branch-rate="1.0">
							<lines>
								<line number="79" hits="5" branch="false"/>
							</lines>
						</method>
						<method name="getEnv" signature="()Lde/weltraumschaf/neuron/shell/Environment;" line-rate="1.0" branch-rate="1.0">
							<lines>
								<line number="61" hits="4" branch="false"/>
							</lines>
						</method>
						<method name="getIo" signature="()Lde/weltraumschaf/commons/IO;" line-rate="1.0" branch-rate="1.0">
							<lines>
								<line number="70" hits="5" branch="false"/>
							</lines>
						</method>
					</methods>
					<lines>
						<line number="49" hits="5" branch="false"/>
						<line number="50" hits="5" branch="false"/>
						<line number="51" hits="5" branch="false"/>
						<line number="52" hits="5" branch="false"/>
						<line number="53" hits="5" branch="false"/>
						<line number="61" hits="4" branch="false"/>
						<line number="70" hits="5" branch="false"/>
						<line number="79" hits="5" branch="false"/>
					</lines>
				</class>
				<class name="de.weltraumschaf.neuron.cmd.Command" filename="de/weltraumschaf/neuron/cmd/Command.java" line-rate="1.0" branch-rate="1.0" complexity="1.0">
					<methods>
					</methods>
					<lines>
					</lines>
				</class>
				<class name="de.weltraumschaf.neuron.cmd.CommandFactory" filename="de/weltraumschaf/neuron/cmd/CommandFactory.java" line-rate="0.0" branch-rate="0.0" complexity="8.666666666666666">
					<methods>
						<method name="&lt;init&gt;" signature="(Lde/weltraumschaf/neuron/shell/Environment;Lde/weltraumschaf/commons/IO;Lde/weltraumschaf/commons/Version;)V" line-rate="0.0" branch-rate="1.0">
							<lines>
								<line number="52" hits="0" branch="false"/>
								<line number="53" hits="0" branch="false"/>
								<line number="54" hits="0" branch="false"/>
								<line number="55" hits="0" branch="false"/>
								<line number="56" hits="0" branch="false"/>
							</lines>
						</method>
						<method name="newCommand" signature="(Lde/weltraumschaf/neuron/shell/ShellCommand;)Lde/weltraumschaf/neuron/cmd/Command;" line-rate="0.0" branch-rate="0.0">
							<lines>
								<line number="69" hits="0" branch="true" condition-coverage="0% (0/5)">
									<conditions>
										<condition number="0" type="switch" coverage="0%"/>
									</conditions>
								</line>
								<line number="71" hits="0" branch="false"/>
								<line number="72" hits="0" branch="false"/>
								<line number="74" hits="0" branch="false"/>
								<line number="75" hits="0" branch="false"/>
								<line number="77" hits="0" branch="false"/>
								<line number="78" hits="0" branch="false"/>
								<line number="80" hits="0" branch="false"/>
								<line number="81" hits="0" branch="false"/>
								<line number="83" hits="0" branch="false"/>
								<line number="87" hits="0" branch="true" condition-coverage="0% (0/2)">
									<conditions>
										<condition number="0" type="jump" coverage="0%"/>
									</conditions>
								</line>
								<line number="88" hits="0" branch="false"/>
								<line number="91" hits="0" branch="false"/>
							</lines>
						</method>
						<method name="newNodeCommand" signature="(Lde/weltraumschaf/neuron/shell/ShellCommand$SubType;Ljava/util/List;)Lde/weltraumschaf/neuron/cmd/Command;" line-rate="0.0" branch-rate="0.0">
							<lines>
								<line number="105" hits="0" branch="true" condition-coverage="0% (0/9)">
									<conditions>
										<condition number="0" type="switch" coverage="0%"/>
									</conditions>
								</line>
								<line number="107" hits="0" branch="false"/>
								<line number="109" hits="0" branch="false"/>
								<line number="111" hits="0" branch="false"/>
								<line number="113" hits="0" branch="false"/>
								<line number="115" hits="0" branch="false"/>
								<line number="117" hits="0" branch="false"/>
								<line number="119" hits="0" branch="false"/>
								<line number="121" hits="0" branch="false"/>
								<line number="123" hits="0" branch="false"/>
							</lines>
						</method>
					</methods>
					<lines>
						<line number="52" hits="0" branch="false"/>
						<line number="53" hits="0" branch="false"/>
						<line number="54" hits="0" branch="false"/>
						<line number="55" hits="0" branch="false"/>
						<line number="56" hits="0" branch="false"/>
						<line number="69" hits="0" branch="true" condition-coverage="0% (0/5)">
							<conditions>
								<condition number="0" type="switch" coverage="0%"/>
							</conditions>
						</line>
						<line number="71" hits="0" branch="false"/>
						<line number="72" hits="0" branch="false"/>
						<line number="74" hits="0" branch="false"/>
						<line number="75" hits="0" branch="false"/>
						<line number="77" hits="0" branch="false"/>
						<line number="78" hits="0" branch="false"/>
						<line number="80" hits="0" branch="false"/>
						<line number="81" hits="0" branch="false"/>
						<line number="83" hits="0" branch="false"/>
						<line number="87" hits="0" branch="true" condition-coverage="0% (0/2)">
							<conditions>
								<condition number="0" type="jump" coverage="0%"/>
							</conditions>
						</line>
						<line number="88" hits="0" branch="false"/>
						<line number="91" hits="0" branch="false"/>
						<line number="105" hits="0" branch="true" condition-coverage="0% (0/9)">
							<conditions>
								<condition number="0" type="switch" coverage="0%"/>
							</conditions>
						</line>
						<line number="107" hits="0" branch="false"/>
						<line number="109" hits="0" branch="false"/>
						<line number="111" hits="0" branch="false"/>
						<line number="113" hits="0" branch="false"/>
						<line number="115" hits="0" branch="false"/>
						<line number="117" hits="0" branch="false"/>
						<line number="119" hits="0" branch="false"/>
						<line number="121" hits="0" branch="false"/>
						<line number="123" hits="0" branch="false"/>
					</lines>
				</class>
				<class name="de.weltraumschaf.neuron.cmd.CommandFactory$1" filename="de/weltraumschaf/neuron/cmd/CommandFactory.java" line-rate="0.0" branch-rate="1.0" complexity="8.666666666666666">
					<methods>
						<method name="&lt;clinit&gt;" signature="()V" line-rate="0.0" branch-rate="1.0">
							<lines>
								<line number="69" hits="0" branch="false"/>
								<line number="105" hits="0" branch="false"/>
							</lines>
						</method>
					</methods>
					<lines>
						<line number="69" hits="0" branch="false"/>
						<line number="105" hits="0" branch="false"/>
					</lines>
				</class>
				<class name="de.weltraumschaf.neuron.cmd.Exit" filename="de/weltraumschaf/neuron/cmd/Exit.java" line-rate="1.0" branch-rate="1.0" complexity="1.0">
					<methods>
						<method name="&lt;init&gt;" signature="(Lde/weltraumschaf/neuron/shell/Environment;Lde/weltraumschaf/commons/IO;Ljava/util/List;)V" line-rate="1.0" branch-rate="1.0">
							<lines>
								<line number="34" hits="1" branch="false"/>
								<line number="35" hits="1" branch="false"/>
							</lines>
						</method>
						<method name="execute" signature="()V" line-rate="1.0" branch-rate="1.0">
							<lines>
								<line number="39" hits="1" branch="false"/>
								<line number="40" hits="1" branch="false"/>
							</lines>
						</method>
					</methods>
					<lines>
						<line number="34" hits="1" branch="false"/>
						<line number="35" hits="1" branch="false"/>
						<line number="39" hits="1" branch="false"/>
						<line number="40" hits="1" branch="false"/>
					</lines>
				</class>
				<class name="de.weltraumschaf.neuron.cmd.Help" filename="de/weltraumschaf/neuron/cmd/Help.java" line-rate="1.0" branch-rate="1.0" complexity="1.0">
					<methods>
						<method name="&lt;init&gt;" signature="(Lde/weltraumschaf/neuron/shell/Environment;Lde/weltraumschaf/commons/IO;Ljava/util/List;)V" line-rate="1.0" branch-rate="1.0">
							<lines>
								<line number="60" hits="1" branch="false"/>
								<line number="61" hits="1" branch="false"/>
							</lines>
						</method>
						<method name="execute" signature="()V" line-rate="1.0" branch-rate="1.0">
							<lines>
								<line number="65" hits="1" branch="false"/>
								<line number="66" hits="1" branch="false"/>
							</lines>
						</method>
						<method name="setVersion" signature="(Lde/weltraumschaf/commons/Version;)V" line-rate="1.0" branch-rate="1.0">
							<lines>
								<line number="70" hits="1" branch="false"/>
								<line number="71" hits="1" branch="false"/>
							</lines>
						</method>
					</methods>
					<lines>
						<line number="60" hits="1" branch="false"/>
						<line number="61" hits="1" branch="false"/>
						<line number="65" hits="1" branch="false"/>
						<line number="66" hits="1" branch="false"/>
						<line number="70" hits="1" branch="false"/>
						<line number="71" hits="1" branch="false"/>
					</lines>
				</class>
				<class name="de.weltraumschaf.neuron.cmd.NodeAdd" filename="de/weltraumschaf/neuron/cmd/NodeAdd.java" line-rate="1.0" branch-rate="1.0" complexity="3.0">
					<methods>
						<method name="&lt;init&gt;" signature="(Lde/weltraumschaf/neuron/shell/Environment;Lde/weltraumschaf/commons/IO;Ljava/util/List;)V" line-rate="1.0" branch-rate="1.0">
							<lines>
								<line number="35" hits="3" branch="false"/>
								<line number="36" hits="3" branch="false"/>
							</lines>
						</method>
						<method name="execute" signature="()V" line-rate="1.0" branch-rate="1.0">
							<lines>
								<line number="40" hits="3" branch="false"/>
								<line number="42" hits="3" branch="true" condition-coverage="100% (2/2)">
									<conditions>
										<condition number="0" type="jump" coverage="100%"/>
									</conditions>
								</line>
								<line number="43" hits="2" branch="false"/>
								<line number="44" hits="2" branch="false"/>
								<line number="47" hits="3" branch="true" condition-coverage="100% (2/2)">
									<conditions>
										<condition number="0" type="jump" coverage="100%"/>
									</conditions>
								</line>
								<line number="48" hits="1" branch="false"/>
								<line number="49" hits="1" branch="false"/>
								<line number="52" hits="2" branch="false"/>
								<line number="54" hits="6" branch="true" condition-coverage="100% (2/2)">
									<conditions>
										<condition number="0" type="jump" coverage="100%"/>
									</conditions>
								</line>
								<line number="55" hits="4" branch="false"/>
								<line number="56" hits="4" branch="false"/>
								<line number="59" hits="2" branch="false"/>
								<line number="60" hits="2" branch="false"/>
							</lines>
						</method>
					</methods>
					<lines>
						<line number="35" hits="3" branch="false"/>
						<line number="36" hits="3" branch="false"/>
						<line number="40" hits="3" branch="false"/>
						<line number="42" hits="3" branch="true" condition-coverage="100% (2/2)">
							<conditions>
								<condition number="0" type="jump" coverage="100%"/>
							</conditions>
						</line>
						<line number="43" hits="2" branch="false"/>
						<line number="44" hits="2" branch="false"/>
						<line number="47" hits="3" branch="true" condition-coverage="100% (2/2)">
							<conditions>
								<condition number="0" type="jump" coverage="100%"/>
							</conditions>
						</line>
						<line number="48" hits="1" branch="false"/>
						<line number="49" hits="1" branch="false"/>
						<line number="52" hits="2" branch="false"/>
						<line number="54" hits="6" branch="true" condition-coverage="100% (2/2)">
							<conditions>
								<condition number="0" type="jump" coverage="100%"/>
							</conditions>
						</line>
						<line number="55" hits="4" branch="false"/>
						<line number="56" hits="4" branch="false"/>
						<line number="59" hits="2" branch="false"/>
						<line number="60" hits="2" branch="false"/>
					</lines>
				</class>
				<class name="de.weltraumschaf.neuron.cmd.NodeConnect" filename="de/weltraumschaf/neuron/cmd/NodeConnect.java" line-rate="0.0" branch-rate="0.0" complexity="3.0">
					<methods>
						<method name="&lt;init&gt;" signature="(Lde/weltraumschaf/neuron/shell/Environment;Lde/weltraumschaf/commons/IO;Ljava/util/List;)V" line-rate="0.0" branch-rate="1.0">
							<lines>
								<line number="35" hits="0" branch="false"/>
								<line number="36" hits="0" branch="false"/>
							</lines>
						</method>
						<method name="execute" signature="()V" line-rate="0.0" branch-rate="0.0">
							<lines>
								<line number="40" hits="0" branch="false"/>
								<line number="41" hits="0" branch="false"/>
								<line number="43" hits="0" branch="true" condition-coverage="0% (0/2)">
									<conditions>
										<condition number="0" type="jump" coverage="0%"/>
									</conditions>
								</line>
								<line number="44" hits="0" branch="false"/>
								<line number="45" hits="0" branch="false"/>
								<line number="48" hits="0" branch="true" condition-coverage="0% (0/2)">
									<conditions>
										<condition number="0" type="jump" coverage="0%"/>
									</conditions>
								</line>
								<line number="49" hits="0" branch="false"/>
								<line number="50" hits="0" branch="false"/>
								<line number="53" hits="0" branch="false"/>
								<line number="54" hits="0" branch="false"/>
								<line number="55" hits="0" branch="false"/>
								<line number="56" hits="0" branch="false"/>
								<line number="57" hits="0" branch="false"/>
							</lines>
						</method>
					</methods>
					<lines>
						<line number="35" hits="0" branch="false"/>
						<line number="36" hits="0" branch="false"/>
						<line number="40" hits="0" branch="false"/>
						<line number="41" hits="0" branch="false"/>
						<line number="43" hits="0" branch="true" condition-coverage="0% (0/2)">
							<conditions>
								<condition number="0" type="jump" coverage="0%"/>
							</conditions>
						</line>
						<line number="44" hits="0" branch="false"/>
						<line number="45" hits="0" branch="false"/>
						<line number="48" hits="0" branch="true" condition-coverage="0% (0/2)">
							<conditions>
								<condition number="0" type="jump" coverage="0%"/>
							</conditions>
						</line>
						<line number="49" hits="0" branch="false"/>
						<line number="50" hits="0" branch="false"/>
						<line number="53" hits="0" branch="false"/>
						<line number="54" hits="0" branch="false"/>
						<line number="55" hits="0" branch="false"/>
						<line number="56" hits="0" branch="false"/>
						<line number="57" hits="0" branch="false"/>
					</lines>
				</class>
				<class name="de.weltraumschaf.neuron.cmd.NodeDel" filename="de/weltraumschaf/neuron/cmd/NodeDel.java" line-rate="0.0" branch-rate="0.0" complexity="2.0">
					<methods>
						<method name="&lt;init&gt;" signature="(Lde/weltraumschaf/neuron/shell/Environment;Lde/weltraumschaf/commons/IO;Ljava/util/List;)V" line-rate="0.0" branch-rate="1.0">
							<lines>
								<line number="35" hits="0" branch="false"/>
								<line number="36" hits="0" branch="false"/>
							</lines>
						</method>
						<method name="execute" signature="()V" line-rate="0.0" branch-rate="0.0">
							<lines>
								<line number="40" hits="0" branch="false"/>
								<line number="42" hits="0" branch="true" condition-coverage="0% (0/2)">
									<conditions>
										<condition number="0" type="jump" coverage="0%"/>
									</conditions>
								</line>
								<line number="43" hits="0" branch="false"/>
								<line number="44" hits="0" branch="false"/>
								<line number="48" hits="0" branch="false"/>
								<line number="49" hits="0" branch="false"/>
								<line number="50" hits="0" branch="false"/>
							</lines>
						</method>
					</methods>
					<lines>
						<line number="35" hits="0" branch="false"/>
						<line number="36" hits="0" branch="false"/>
						<line number="40" hits="0" branch="false"/>
						<line number="42" hits="0" branch="true" condition-coverage="0% (0/2)">
							<conditions>
								<condition number="0" type="jump" coverage="0%"/>
							</conditions>
						</line>
						<line number="43" hits="0" branch="false"/>
						<line number="44" hits="0" branch="false"/>
						<line number="48" hits="0" branch="false"/>
						<line number="49" hits="0" branch="false"/>
						<line number="50" hits="0" branch="false"/>
					</lines>
				</class>
				<class name="de.weltraumschaf.neuron.cmd.NodeDisconnect" filename="de/weltraumschaf/neuron/cmd/NodeDisconnect.java" line-rate="0.0" branch-rate="0.0" complexity="3.0">
					<methods>
						<method name="&lt;init&gt;" signature="(Lde/weltraumschaf/neuron/shell/Environment;Lde/weltraumschaf/commons/IO;Ljava/util/List;)V" line-rate="0.0" branch-rate="1.0">
							<lines>
								<line number="35" hits="0" branch="false"/>
								<line number="36" hits="0" branch="false"/>
							</lines>
						</method>
						<method name="execute" signature="()V" line-rate="0.0" branch-rate="0.0">
							<lines>
								<line number="40" hits="0" branch="false"/>
								<line number="41" hits="0" branch="false"/>
								<line number="43" hits="0" branch="true" condition-coverage="0% (0/2)">
									<conditions>
										<condition number="0" type="jump" coverage="0%"/>
									</conditions>
								</line>
								<line number="44" hits="0" branch="false"/>
								<line number="45" hits="0" branch="false"/>
								<line number="48" hits="0" branch="true" condition-coverage="0% (0/2)">
									<conditions>
										<condition number="0" type="jump" coverage="0%"/>
									</conditions>
								</line>
								<line number="49" hits="0" branch="false"/>
								<line number="50" hits="0" branch="false"/>
								<line number="53" hits="0" branch="false"/>
								<line number="54" hits="0" branch="false"/>
								<line number="55" hits="0" branch="false"/>
								<line number="56" hits="0" branch="false"/>
								<line number="57" hits="0" branch="false"/>
							</lines>
						</method>
					</methods>
					<lines>
						<line number="35" hits="0" branch="false"/>
						<line number="36" hits="0" branch="false"/>
						<line number="40" hits="0" branch="false"/>
						<line number="41" hits="0" branch="false"/>
						<line number="43" hits="0" branch="true" condition-coverage="0% (0/2)">
							<conditions>
								<condition number="0" type="jump" coverage="0%"/>
							</conditions>
						</line>
						<line number="44" hits="0" branch="false"/>
						<line number="45" hits="0" branch="false"/>
						<line number="48" hits="0" branch="true" condition-coverage="0% (0/2)">
							<conditions>
								<condition number="0" type="jump" coverage="0%"/>
							</conditions>
						</line>
						<line number="49" hits="0" branch="false"/>
						<line number="50" hits="0" branch="false"/>
						<line number="53" hits="0" branch="false"/>
						<line number="54" hits="0" branch="false"/>
						<line number="55" hits="0" branch="false"/>
						<line number="56" hits="0" branch="false"/>
						<line number="57" hits="0" branch="false"/>
					</lines>
				</class>
				<class name="de.weltraumschaf.neuron.cmd.NodeInfo" filename="de/weltraumschaf/neuron/cmd/NodeInfo.java" line-rate="0.0" branch-rate="0.0" complexity="2.5">
					<methods>
						<method name="&lt;init&gt;" signature="(Lde/weltraumschaf/neuron/shell/Environment;Lde/weltraumschaf/commons/IO;Ljava/util/List;)V" line-rate="0.0" branch-rate="1.0">
							<lines>
								<line number="35" hits="0" branch="false"/>
								<line number="36" hits="0" branch="false"/>
							</lines>
						</method>
						<method name="execute" signature="()V" line-rate="0.0" branch-rate="0.0">
							<lines>
								<line number="40" hits="0" branch="false"/>
								<line number="42" hits="0" branch="true" condition-coverage="0% (0/2)">
									<conditions>
										<condition number="0" type="jump" coverage="0%"/>
									</conditions>
								</line>
								<line number="43" hits="0" branch="false"/>
								<line number="44" hits="0" branch="false"/>
								<line number="45" hits="0" branch="false"/>
								<line number="46" hits="0" branch="false"/>
								<line number="48" hits="0" branch="true" condition-coverage="0% (0/2)">
									<conditions>
										<condition number="0" type="jump" coverage="0%"/>
									</conditions>
								</line>
								<line number="49" hits="0" branch="true" condition-coverage="0% (0/2)">
									<conditions>
										<condition number="0" type="jump" coverage="0%"/>
									</conditions>
								</line>
								<line number="50" hits="0" branch="false"/>
								<line number="53" hits="0" branch="false"/>
								<line number="56" hits="0" branch="false"/>
								<line number="57" hits="0" branch="false"/>
								<line number="58" hits="0" branch="false"/>
								<line number="60" hits="0" branch="false"/>
							</lines>
						</method>
					</methods>
					<lines>
						<line number="35" hits="0" branch="false"/>
						<line number="36" hits="0" branch="false"/>
						<line number="40" hits="0" branch="false"/>
						<line number="42" hits="0" branch="true" condition-coverage="0% (0/2)">
							<conditions>
								<condition number="0" type="jump" coverage="0%"/>
							</conditions>
						</line>
						<line number="43" hits="0" branch="false"/>
						<line number="44" hits="0" branch="false"/>
						<line number="45" hits="0" branch="false"/>
						<line number="46" hits="0" branch="false"/>
						<line number="48" hits="0" branch="true" condition-coverage="0% (0/2)">
							<conditions>
								<condition number="0" type="jump" coverage="0%"/>
							</conditions>
						</line>
						<line number="49" hits="0" branch="true" condition-coverage="0% (0/2)">
							<conditions>
								<condition number="0" type="jump" coverage="0%"/>
							</conditions>
						</line>
						<line number="50" hits="0" branch="false"/>
						<line number="53" hits="0" branch="false"/>
						<line number="56" hits="0" branch="false"/>
						<line number="57" hits="0" branch="false"/>
						<line number="58" hits="0" branch="false"/>
						<line number="60" hits="0" branch="false"/>
					</lines>
				</class>
				<class name="de.weltraumschaf.neuron.cmd.NodeList" filename="de/weltraumschaf/neuron/cmd/NodeList.java" line-rate="0.0" branch-rate="0.0" complexity="2.0">
					<methods>
						<method name="&lt;init&gt;" signature="(Lde/weltraumschaf/neuron/shell/Environment;Lde/weltraumschaf/commons/IO;Ljava/util/List;)V" line-rate="0.0" branch-rate="1.0">
							<lines>
								<line number="35" hits="0" branch="false"/>
								<line number="36" hits="0" branch="false"/>
							</lines>
						</method>
						<method name="execute" signature="()V" line-rate="0.0" branch-rate="0.0">
							<lines>
								<line number="40" hits="0" branch="false"/>
								<line number="41" hits="0" branch="false"/>
								<line number="43" hits="0" branch="true" condition-coverage="0% (0/2)">
									<conditions>
										<condition number="0" type="jump" coverage="0%"/>
									</conditions>
								</line>
								<line number="44" hits="0" branch="false"/>
								<line number="46" hits="0" branch="false"/>
								<line number="47" hits="0" branch="false"/>
								<line number="48" hits="0" branch="true" condition-coverage="0% (0/2)">
									<conditions>
										<condition number="0" type="jump" coverage="0%"/>
									</conditions>
								</line>
								<line number="49" hits="0" branch="false"/>
								<line number="53" hits="0" branch="false"/>
								<line number="54" hits="0" branch="false"/>
							</lines>
						</method>
					</methods>
					<lines>
						<line number="35" hits="0" branch="false"/>
						<line number="36" hits="0" branch="false"/>
						<line number="40" hits="0" branch="false"/>
						<line number="41" hits="0" branch="false"/>
						<line number="43" hits="0" branch="true" condition-coverage="0% (0/2)">
							<conditions>
								<condition number="0" type="jump" coverage="0%"/>
							</conditions>
						</line>
						<line number="44" hits="0" branch="false"/>
						<line number="46" hits="0" branch="false"/>
						<line number="47" hits="0" branch="false"/>
						<line number="48" hits="0" branch="true" condition-coverage="0% (0/2)">
							<conditions>
								<condition number="0" type="jump" coverage="0%"/>
							</conditions>
						</line>
						<line number="49" hits="0" branch="false"/>
						<line number="53" hits="0" branch="false"/>
						<line number="54" hits="0" branch="false"/>
					</lines>
				</class>
				<class name="de.weltraumschaf.neuron.cmd.NodeListen" filename="de/weltraumschaf/neuron/cmd/NodeListen.java" line-rate="0.0" branch-rate="0.0" complexity="1.5">
					<methods>
						<method name="&lt;init&gt;" signature="(Lde/weltraumschaf/neuron/shell/Environment;Lde/weltraumschaf/commons/IO;Ljava/util/List;)V" line-rate="0.0" branch-rate="1.0">
							<lines>
								<line number="35" hits="0" branch="false"/>
								<line number="36" hits="0" branch="false"/>
							</lines>
						</method>
						<method name="execute" signature="()V" line-rate="0.0" branch-rate="0.0">
							<lines>
								<line number="40" hits="0" branch="false"/>
								<line number="41" hits="0" branch="false"/>
								<line number="43" hits="0" branch="true" condition-coverage="0% (0/2)">
									<conditions>
										<condition number="0" type="jump" coverage="0%"/>
									</conditions>
								</line>
								<line number="44" hits="0" branch="false"/>
								<line number="45" hits="0" branch="false"/>
								<line number="46" hits="0" branch="false"/>
								<line number="47" hits="0" branch="false"/>
								<line number="48" hits="0" branch="false"/>
								<line number="50" hits="0" branch="false"/>
							</lines>
						</method>
					</methods>
					<lines>
						<line number="35" hits="0" branch="false"/>
						<line number="36" hits="0" branch="false"/>
						<line number="40" hits="0" branch="false"/>
						<line number="41" hits="0" branch="false"/>
						<line number="43" hits="0" branch="true" condition-coverage="0% (0/2)">
							<conditions>
								<condition number="0" type="jump" coverage="0%"/>
							</conditions>
						</line>
						<line number="44" hits="0" branch="false"/>
						<line number="45" hits="0" branch="false"/>
						<line number="46" hits="0" branch="false"/>
						<line number="47" hits="0" branch="false"/>
						<line number="48" hits="0" branch="false"/>
						<line number="50" hits="0" branch="false"/>
					</lines>
				</class>
				<class name="de.weltraumschaf.neuron.cmd.NodeUnlisten" filename="de/weltraumschaf/neuron/cmd/NodeUnlisten.java" line-rate="0.0" branch-rate="0.0" complexity="1.5">
					<methods>
						<method name="&lt;init&gt;" signature="(Lde/weltraumschaf/neuron/shell/Environment;Lde/weltraumschaf/commons/IO;Ljava/util/List;)V" line-rate="0.0" branch-rate="1.0">
							<lines>
								<line number="35" hits="0" branch="false"/>
								<line number="36" hits="0" branch="false"/>
							</lines>
						</method>
						<method name="execute" signature="()V" line-rate="0.0" branch-rate="0.0">
							<lines>
								<line number="40" hits="0" branch="false"/>
								<line number="41" hits="0" branch="false"/>
								<line number="43" hits="0" branch="true" condition-coverage="0% (0/2)">
									<conditions>
										<condition number="0" type="jump" coverage="0%"/>
									</conditions>
								</line>
								<line number="44" hits="0" branch="false"/>
								<line number="45" hits="0" branch="false"/>
								<line number="46" hits="0" branch="false"/>
								<line number="47" hits="0" branch="false"/>
								<line number="48" hits="0" branch="false"/>
								<line number="50" hits="0" branch="false"/>
							</lines>
						</method>
					</methods>
					<lines>
						<line number="35" hits="0" branch="false"/>
						<line number="36" hits="0" branch="false"/>
						<line number="40" hits="0" branch="false"/>
						<line number="41" hits="0" branch="false"/>
						<line number="43" hits="0" branch="true" condition-coverage="0% (0/2)">
							<conditions>
								<condition number="0" type="jump" coverage="0%"/>
							</conditions>
						</line>
						<line number="44" hits="0" branch="false"/>
						<line number="45" hits="0" branch="false"/>
						<line number="46" hits="0" branch="false"/>
						<line number="47" hits="0" branch="false"/>
						<line number="48" hits="0" branch="false"/>
						<line number="50" hits="0" branch="false"/>
					</lines>
				</class>
				<class name="de.weltraumschaf.neuron.cmd.Reset" filename="de/weltraumschaf/neuron/cmd/Reset.java" line-rate="0.0" branch-rate="1.0" complexity="1.0">
					<methods>
						<method name="&lt;init&gt;" signature="(Lde/weltraumschaf/neuron/shell/Environment;Lde/weltraumschaf/commons/IO;Ljava/util/List;)V" line-rate="0.0" branch-rate="1.0">
							<lines>
								<line number="34" hits="0" branch="false"/>
								<line number="35" hits="0" branch="false"/>
							</lines>
						</method>
						<method name="execute" signature="()V" line-rate="0.0" branch-rate="1.0">
							<lines>
								<line number="39" hits="0" branch="false"/>
								<line number="40" hits="0" branch="false"/>
								<line number="41" hits="0" branch="false"/>
							</lines>
						</method>
					</methods>
					<lines>
						<line number="34" hits="0" branch="false"/>
						<line number="35" hits="0" branch="false"/>
						<line number="39" hits="0" branch="false"/>
						<line number="40" hits="0" branch="false"/>
						<line number="41" hits="0" branch="false"/>
					</lines>
				</class>
				<class name="de.weltraumschaf.neuron.cmd.UseVersion" filename="de/weltraumschaf/neuron/cmd/UseVersion.java" line-rate="1.0" branch-rate="1.0" complexity="1.0">
					<methods>
					</methods>
					<lines>
					</lines>
				</class>
			</classes>
		</package>
		<package name="de.weltraumschaf.neuron.node" line-rate="0.8913043478260869" branch-rate="1.0" complexity="1.2">
			<classes>
				<class name="de.weltraumschaf.neuron.node.Event" filename="de/weltraumschaf/neuron/node/Event.java" line-rate="0.5714285714285714" branch-rate="1.0" complexity="1.0">
					<methods>
						<method name="&lt;init&gt;" signature="(Lde/weltraumschaf/neuron/node/Event$Type;Ljava/lang/String;)V" line-rate="1.0" branch-rate="1.0">
							<lines>
								<line number="48" hits="13" branch="false"/>
								<line number="49" hits="13" branch="false"/>
								<line number="50" hits="13" branch="false"/>
								<line number="51" hits="13" branch="false"/>
							</lines>
						</method>
						<method name="getDescription" signature="()Ljava/lang/String;" line-rate="0.0" branch-rate="1.0">
							<lines>
								<line number="68" hits="0" branch="false"/>
							</lines>
						</method>
						<method name="getType" signature="()Lde/weltraumschaf/neuron/node/Event$Type;" line-rate="0.0" branch-rate="1.0">
							<lines>
								<line number="59" hits="0" branch="false"/>
							</lines>
						</method>
						<method name="toString" signature="()Ljava/lang/String;" line-rate="0.0" branch-rate="1.0">
							<lines>
								<line number="73" hits="0" branch="false"/>
							</lines>
						</method>
					</methods>
					<lines>
						<line number="48" hits="13" branch="false"/>
						<line number="49" hits="13" branch="false"/>
						<line number="50" hits="13" branch="false"/>
						<line number="51" hits="13" branch="false"/>
						<line number="59" hits="0" branch="false"/>
						<line number="68" hits="0" branch="false"/>
						<line number="73" hits="0" branch="false"/>
					</lines>
				</class>
				<class name="de.weltraumschaf.neuron.node.Event$Type" filename="de/weltraumschaf/neuron/node/Event.java" line-rate="1.0" branch-rate="1.0" complexity="1.0">
					<methods>
						<method name="&lt;clinit&gt;" signature="()V" line-rate="1.0" branch-rate="1.0">
							<lines>
								<line number="24" hits="3" branch="false"/>
								<line number="26" hits="1" branch="false"/>
								<line number="28" hits="1" branch="false"/>
							</lines>
						</method>
						<method name="&lt;init&gt;" signature="(Ljava/lang/String;I)V" line-rate="1.0" branch-rate="1.0">
							<lines>
							</lines>
						</method>
						<method name="valueOf" signature="(Ljava/lang/String;)Lde/weltraumschaf/neuron/node/Event$Type;" line-rate="1.0" branch-rate="1.0">
							<lines>
							</lines>
						</method>
						<method name="values" signature="()[Lde/weltraumschaf/neuron/node/Event$Type;" line-rate="1.0" branch-rate="1.0">
							<lines>
							</lines>
						</method>
					</methods>
					<lines>
						<line number="24" hits="3" branch="false"/>
						<line number="26" hits="1" branch="false"/>
						<line number="28" hits="1" branch="false"/>
					</lines>
				</class>
				<class name="de.weltraumschaf.neuron.node.Node" filename="de/weltraumschaf/neuron/node/Node.java" line-rate="1.0" branch-rate="1.0" complexity="1.0">
					<methods>
					</methods>
					<lines>
					</lines>
				</class>
				<class name="de.weltraumschaf.neuron.node.NodeFactory" filename="de/weltraumschaf/neuron/node/NodeFactory.java" line-rate="1.0" branch-rate="1.0" complexity="1.0">
					<methods>
						<method name="&lt;init&gt;" signature="()V" line-rate="1.0" branch-rate="1.0">
							<lines>
								<line number="22" hits="24" branch="false"/>
								<line number="27" hits="24" branch="false"/>
							</lines>
						</method>
						<method name="getNextId" signature="()I" line-rate="1.0" branch-rate="1.0">
							<lines>
								<line number="35" hits="16" branch="false"/>
								<line number="36" hits="16" branch="false"/>
							</lines>
						</method>
						<method name="newNode" signature="()Lde/weltraumschaf/neuron/node/Node;" line-rate="1.0" branch-rate="1.0">
							<lines>
								<line number="45" hits="16" branch="false"/>
							</lines>
						</method>
						<method name="newNode" signature="(I)Lde/weltraumschaf/neuron/node/Node;" line-rate="1.0" branch-rate="1.0">
							<lines>
								<line number="55" hits="28" branch="false"/>
							</lines>
						</method>
					</methods>
					<lines>
						<line number="22" hits="24" branch="false"/>
						<line number="27" hits="24" branch="false"/>
						<line number="35" hits="16" branch="false"/>
						<line number="36" hits="16" branch="false"/>
						<line number="45" hits="16" branch="false"/>
						<line number="55" hits="28" branch="false"/>
					</lines>
				</class>
				<class name="de.weltraumschaf.neuron.node.NodeImpl" filename="de/weltraumschaf/neuron/node/NodeImpl.java" line-rate="0.9333333333333333" branch-rate="1.0" complexity="1.4615384615384615">
					<methods>
						<method name="&lt;init&gt;" signature="(I)V" line-rate="1.0" branch-rate="1.0">
							<lines>
								<line number="32" hits="52" branch="false"/>
								<line number="45" hits="52" branch="false"/>
								<line number="46" hits="52" branch="false"/>
								<line number="47" hits="52" branch="false"/>
							</lines>
						</method>
						<method name="connect" signature="(Lde/weltraumschaf/neuron/node/Node;)V" line-rate="1.0" branch-rate="1.0">
							<lines>
								<line number="51" hits="11" branch="true" condition-coverage="100% (2/2)">
									<conditions>
										<condition number="0" type="jump" coverage="100%"/>
									</conditions>
								</line>
								<line number="52" hits="1" branch="false"/>
								<line number="55" hits="10" branch="false"/>
								<line number="56" hits="10" branch="false"/>
								<line number="57" hits="10" branch="false"/>
							</lines>
						</method>
						<method name="disconnect" signature="(Lde/weltraumschaf/neuron/node/Node;)V" line-rate="1.0" branch-rate="1.0">
							<lines>
								<line number="61" hits="4" branch="true" condition-coverage="100% (2/2)">
									<conditions>
										<condition number="0" type="jump" coverage="100%"/>
									</conditions>
								</line>
								<line number="62" hits="1" branch="false"/>
								<line number="65" hits="3" branch="false"/>
								<line number="66" hits="3" branch="false"/>
								<line number="67" hits="3" branch="false"/>
							</lines>
						</method>
						<method name="emmitEvent" signature="(Lde/weltraumschaf/neuron/node/Event$Type;Ljava/lang/String;)V" line-rate="1.0" branch-rate="1.0">
							<lines>
								<line number="126" hits="13" branch="false"/>
								<line number="127" hits="13" branch="false"/>
								<line number="128" hits="13" branch="false"/>
							</lines>
						</method>
						<method name="equals" signature="(Ljava/lang/Object;)Z" line-rate="1.0" branch-rate="1.0">
							<lines>
								<line number="86" hits="33" branch="true" condition-coverage="100% (2/2)">
									<conditions>
										<condition number="0" type="jump" coverage="100%"/>
									</conditions>
								</line>
								<line number="87" hits="2" branch="false"/>
								<line number="90" hits="31" branch="false"/>
								<line number="91" hits="31" branch="true" condition-coverage="100% (2/2)">
									<conditions>
										<condition number="0" type="jump" coverage="100%"/>
									</conditions>
								</line>
							</lines>
						</method>
						<method name="getId" signature="()I" line-rate="1.0" branch-rate="1.0">
							<lines>
								<line number="71" hits="175" branch="false"/>
							</lines>
						</method>
						<method name="getNeighbors" signature="()Ljava/util/List;" line-rate="1.0" branch-rate="1.0">
							<lines>
								<line number="116" hits="1" branch="false"/>
							</lines>
						</method>
						<method name="hasNeighbor" signature="(I)Z" line-rate="1.0" branch-rate="1.0">
							<lines>
								<line number="101" hits="56" branch="false"/>
							</lines>
						</method>
						<method name="hasNeighbor" signature="(Lde/weltraumschaf/neuron/node/Node;)Z" line-rate="1.0" branch-rate="1.0">
							<lines>
								<line number="96" hits="26" branch="false"/>
							</lines>
						</method>
						<method name="hasNeighbors" signature="()Z" line-rate="1.0" branch-rate="1.0">
							<lines>
								<line number="111" hits="2" branch="true" condition-coverage="100% (2/2)">
									<conditions>
										<condition number="0" type="jump" coverage="100%"/>
									</conditions>
								</line>
							</lines>
						</method>
						<method name="hashCode" signature="()I" line-rate="1.0" branch-rate="1.0">
							<lines>
								<line number="81" hits="14" branch="false"/>
							</lines>
						</method>
						<method name="send" signature="(Lde/weltraumschaf/neuron/Message;)V" line-rate="0.0" branch-rate="1.0">
							<lines>
								<line number="76" hits="0" branch="false"/>
								<line number="77" hits="0" branch="false"/>
							</lines>
						</method>
						<method name="toString" signature="()Ljava/lang/String;" line-rate="1.0" branch-rate="1.0">
							<lines>
								<line number="106" hits="3" branch="false"/>
							</lines>
						</method>
					</methods>
					<lines>
						<line number="32" hits="52" branch="false"/>
						<line number="45" hits="52" branch="false"/>
						<line number="46" hits="52" branch="false"/>
						<line number="47" hits="52" branch="false"/>
						<line number="51" hits="11" branch="true" condition-coverage="100% (2/2)">
							<conditions>
								<condition number="0" type="jump" coverage="100%"/>
							</conditions>
						</line>
						<line number="52" hits="1" branch="false"/>
						<line number="55" hits="10" branch="false"/>
						<line number="56" hits="10" branch="false"/>
						<line number="57" hits="10" branch="false"/>
						<line number="61" hits="4" branch="true" condition-coverage="100% (2/2)">
							<conditions>
								<condition number="0" type="jump" coverage="100%"/>
							</conditions>
						</line>
						<line number="62" hits="1" branch="false"/>
						<line number="65" hits="3" branch="false"/>
						<line number="66" hits="3" branch="false"/>
						<line number="67" hits="3" branch="false"/>
						<line number="71" hits="175" branch="false"/>
						<line number="76" hits="0" branch="false"/>
						<line number="77" hits="0" branch="false"/>
						<line number="81" hits="14" branch="false"/>
						<line number="86" hits="33" branch="true" condition-coverage="100% (2/2)">
							<conditions>
								<condition number="0" type="jump" coverage="100%"/>
							</conditions>
						</line>
						<line number="87" hits="2" branch="false"/>
						<line number="90" hits="31" branch="false"/>
						<line number="91" hits="31" branch="true" condition-coverage="100% (2/2)">
							<conditions>
								<condition number="0" type="jump" coverage="100%"/>
							</conditions>
						</line>
						<line number="96" hits="26" branch="false"/>
						<line number="101" hits="56" branch="false"/>
						<line number="106" hits="3" branch="false"/>
						<line number="111" hits="2" branch="true" condition-coverage="100% (2/2)">
							<conditions>
								<condition number="0" type="jump" coverage="100%"/>
							</conditions>
						</line>
						<line number="116" hits="1" branch="false"/>
						<line number="126" hits="13" branch="false"/>
						<line number="127" hits="13" branch="false"/>
						<line number="128" hits="13" branch="false"/>
					</lines>
				</class>
			</classes>
		</package>
		<package name="de.weltraumschaf.neuron.shell" line-rate="0.7689243027888446" branch-rate="0.7105263157894737" complexity="2.274193548387097">
			<classes>
				<class name="de.weltraumschaf.neuron.shell.CharacterHelper" filename="de/weltraumschaf/neuron/shell/CharacterHelper.java" line-rate="0.7777777777777778" branch-rate="1.0" complexity="2.3333333333333335">
					<methods>
						<method name="&lt;init&gt;" signature="()V" line-rate="0.0" branch-rate="1.0">
							<lines>
								<line number="24" hits="0" branch="false"/>
								<line number="25" hits="0" branch="false"/>
							</lines>
						</method>
						<method name="isAlpha" signature="(C)Z" line-rate="1.0" branch-rate="1.0">
							<lines>
								<line number="52" hits="166" branch="true" condition-coverage="100% (4/4)">
									<conditions>
										<condition number="0" type="jump" coverage="100%"/>
										<condition number="1" type="jump" coverage="100%"/>
									</conditions>
								</line>
							</lines>
						</method>
						<method name="isAlphaNum" signature="(C)Z" line-rate="1.0" branch-rate="1.0">
							<lines>
								<line number="74" hits="66" branch="true" condition-coverage="100% (4/4)">
									<conditions>
										<condition number="0" type="jump" coverage="100%"/>
										<condition number="1" type="jump" coverage="100%"/>
									</conditions>
								</line>
							</lines>
						</method>
						<method name="isCharInRange" signature="(CCC)Z" line-rate="1.0" branch-rate="1.0">
							<lines>
								<line number="38" hits="390" branch="true" condition-coverage="100% (2/2)">
									<conditions>
										<condition number="0" type="jump" coverage="100%"/>
									</conditions>
								</line>
								<line number="39" hits="1" branch="false"/>
								<line number="42" hits="389" branch="true" condition-coverage="100% (4/4)">
									<conditions>
										<condition number="0" type="jump" coverage="100%"/>
										<condition number="1" type="jump" coverage="100%"/>
									</conditions>
								</line>
							</lines>
						</method>
						<method name="isNum" signature="(C)Z" line-rate="1.0" branch-rate="1.0">
							<lines>
								<line number="63" hits="127" branch="false"/>
							</lines>
						</method>
						<method name="isWhiteSpace" signature="(C)Z" line-rate="1.0" branch-rate="1.0">
							<lines>
								<line number="86" hits="177" branch="true" condition-coverage="100% (8/8)">
									<conditions>
										<condition number="0" type="jump" coverage="100%"/>
										<condition number="1" type="jump" coverage="100%"/>
										<condition number="2" type="jump" coverage="100%"/>
										<condition number="3" type="jump" coverage="100%"/>
									</conditions>
								</line>
							</lines>
						</method>
					</methods>
					<lines>
						<line number="24" hits="0" branch="false"/>
						<line number="25" hits="0" branch="false"/>
						<line number="38" hits="390" branch="true" condition-coverage="100% (2/2)">
							<conditions>
								<condition number="0" type="jump" coverage="100%"/>
							</conditions>
						</line>
						<line number="39" hits="1" branch="false"/>
						<line number="42" hits="389" branch="true" condition-coverage="100% (4/4)">
							<conditions>
								<condition number="0" type="jump" coverage="100%"/>
								<condition number="1" type="jump" coverage="100%"/>
							</conditions>
						</line>
						<line number="52" hits="166" branch="true" condition-coverage="100% (4/4)">
							<conditions>
								<condition number="0" type="jump" coverage="100%"/>
								<condition number="1" type="jump" coverage="100%"/>
							</conditions>
						</line>
						<line number="63" hits="127" branch="false"/>
						<line number="74" hits="66" branch="true" condition-coverage="100% (4/4)">
							<conditions>
								<condition number="0" type="jump" coverage="100%"/>
								<condition number="1" type="jump" coverage="100%"/>
							</conditions>
						</line>
						<line number="86" hits="177" branch="true" condition-coverage="100% (8/8)">
							<conditions>
								<condition number="0" type="jump" coverage="100%"/>
								<condition number="1" type="jump" coverage="100%"/>
								<condition number="2" type="jump" coverage="100%"/>
								<condition number="3" type="jump" coverage="100%"/>
							</conditions>
						</line>
					</lines>
				</class>
				<class name="de.weltraumschaf.neuron.shell.CharacterStream" filename="de/weltraumschaf/neuron/shell/CharacterStream.java" line-rate="1.0" branch-rate="1.0" complexity="1.75">
					<methods>
						<method name="&lt;init&gt;" signature="(Ljava/lang/String;)V" line-rate="1.0" branch-rate="1.0">
							<lines>
								<line number="29" hits="18" branch="false"/>
								<line number="36" hits="18" branch="false"/>
								<line number="37" hits="18" branch="false"/>
								<line number="38" hits="18" branch="false"/>
							</lines>
						</method>
						<method name="current" signature="()C" line-rate="1.0" branch-rate="1.0">
							<lines>
								<line number="74" hits="208" branch="true" condition-coverage="100% (2/2)">
									<conditions>
										<condition number="0" type="jump" coverage="100%"/>
									</conditions>
								</line>
								<line number="75" hits="1" branch="false"/>
								<line number="78" hits="208" branch="false"/>
							</lines>
						</method>
						<method name="hasNext" signature="()Z" line-rate="1.0" branch-rate="1.0">
							<lines>
								<line number="63" hits="344" branch="true" condition-coverage="100% (2/2)">
									<conditions>
										<condition number="0" type="jump" coverage="100%"/>
									</conditions>
								</line>
							</lines>
						</method>
						<method name="next" signature="()C" line-rate="1.0" branch-rate="1.0">
							<lines>
								<line number="49" hits="158" branch="true" condition-coverage="100% (2/2)">
									<conditions>
										<condition number="0" type="jump" coverage="100%"/>
									</conditions>
								</line>
								<line number="50" hits="1" branch="false"/>
								<line number="53" hits="157" branch="false"/>
								<line number="54" hits="157" branch="false"/>
							</lines>
						</method>
					</methods>
					<lines>
						<line number="29" hits="18" branch="false"/>
						<line number="36" hits="18" branch="false"/>
						<line number="37" hits="18" branch="false"/>
						<line number="38" hits="18" branch="false"/>
						<line number="49" hits="158" branch="true" condition-coverage="100% (2/2)">
							<conditions>
								<condition number="0" type="jump" coverage="100%"/>
							</conditions>
						</line>
						<line number="50" hits="1" branch="false"/>
						<line number="53" hits="157" branch="false"/>
						<line number="54" hits="157" branch="false"/>
						<line number="63" hits="344" branch="true" condition-coverage="100% (2/2)">
							<conditions>
								<condition number="0" type="jump" coverage="100%"/>
							</conditions>
						</line>
						<line number="74" hits="208" branch="true" condition-coverage="100% (2/2)">
							<conditions>
								<condition number="0" type="jump" coverage="100%"/>
							</conditions>
						</line>
						<line number="75" hits="1" branch="false"/>
						<line number="78" hits="208" branch="false"/>
					</lines>
				</class>
				<class name="de.weltraumschaf.neuron.shell.Environment" filename="de/weltraumschaf/neuron/shell/Environment.java" line-rate="0.967741935483871" branch-rate="1.0" complexity="1.7272727272727273">
					<methods>
						<method name="&lt;init&gt;" signature="(Ljava/util/Observer;)V" line-rate="1.0" branch-rate="1.0">
							<lines>
								<line number="34" hits="13" branch="false"/>
								<line number="44" hits="13" branch="false"/>
								<line number="52" hits="13" branch="false"/>
								<line number="53" hits="13" branch="false"/>
								<line number="54" hits="13" branch="false"/>
							</lines>
						</method>
						<method name="add" signature="()Lde/weltraumschaf/neuron/node/Node;" line-rate="1.0" branch-rate="1.0">
							<lines>
								<line number="65" hits="16" branch="false"/>
								<line number="66" hits="16" branch="false"/>
								<line number="67" hits="16" branch="false"/>
							</lines>
						</method>
						<method name="add" signature="(Lde/weltraumschaf/neuron/node/Node;)V" line-rate="1.0" branch-rate="1.0">
							<lines>
								<line number="79" hits="27" branch="true" condition-coverage="100% (2/2)">
									<conditions>
										<condition number="0" type="jump" coverage="100%"/>
									</conditions>
								</line>
								<line number="80" hits="1" branch="false"/>
								<line number="83" hits="26" branch="false"/>
								<line number="84" hits="26" branch="false"/>
							</lines>
						</method>
						<method name="getHandler" signature="()Ljava/util/Observer;" line-rate="0.0" branch-rate="1.0">
							<lines>
								<line number="184" hits="0" branch="false"/>
							</lines>
						</method>
						<method name="getNode" signature="(I)Lde/weltraumschaf/neuron/node/Node;" line-rate="1.0" branch-rate="1.0">
							<lines>
								<line number="172" hits="8" branch="true" condition-coverage="100% (2/2)">
									<conditions>
										<condition number="0" type="jump" coverage="100%"/>
									</conditions>
								</line>
								<line number="173" hits="2" branch="false"/>
								<line number="175" hits="6" branch="false"/>
							</lines>
						</method>
						<method name="getNodes" signature="()Ljava/util/List;" line-rate="1.0" branch-rate="1.0">
							<lines>
								<line number="149" hits="4" branch="false"/>
							</lines>
						</method>
						<method name="hasNode" signature="(I)Z" line-rate="1.0" branch-rate="1.0">
							<lines>
								<line number="159" hits="28" branch="false"/>
							</lines>
						</method>
						<method name="remove" signature="(I)Lde/weltraumschaf/neuron/node/Node;" line-rate="1.0" branch-rate="1.0">
							<lines>
								<line number="120" hits="3" branch="false"/>
							</lines>
						</method>
						<method name="remove" signature="(Lde/weltraumschaf/neuron/node/Node;)Lde/weltraumschaf/neuron/node/Node;" line-rate="1.0" branch-rate="1.0">
							<lines>
								<line number="96" hits="5" branch="true" condition-coverage="100% (2/2)">
									<conditions>
										<condition number="0" type="jump" coverage="100%"/>
									</conditions>
								</line>
								<line number="97" hits="1" branch="false"/>
								<line number="100" hits="4" branch="true" condition-coverage="100% (2/2)">
									<conditions>
										<condition number="0" type="jump" coverage="100%"/>
									</conditions>
								</line>
								<line number="101" hits="9" branch="false"/>
								<line number="102" hits="9" branch="true" condition-coverage="100% (2/2)">
									<conditions>
										<condition number="0" type="jump" coverage="100%"/>
									</conditions>
								</line>
								<line number="103" hits="1" branch="false"/>
								<line number="105" hits="9" branch="false"/>
								<line number="107" hits="4" branch="false"/>
							</lines>
						</method>
						<method name="reset" signature="()V" line-rate="1.0" branch-rate="1.0">
							<lines>
								<line number="130" hits="1" branch="false"/>
								<line number="131" hits="1" branch="false"/>
								<line number="132" hits="1" branch="false"/>
							</lines>
						</method>
						<method name="size" signature="()I" line-rate="1.0" branch-rate="1.0">
							<lines>
								<line number="140" hits="16" branch="false"/>
							</lines>
						</method>
					</methods>
					<lines>
						<line number="34" hits="13" branch="false"/>
						<line number="44" hits="13" branch="false"/>
						<line number="52" hits="13" branch="false"/>
						<line number="53" hits="13" branch="false"/>
						<line number="54" hits="13" branch="false"/>
						<line number="65" hits="16" branch="false"/>
						<line number="66" hits="16" branch="false"/>
						<line number="67" hits="16" branch="false"/>
						<line number="79" hits="27" branch="true" condition-coverage="100% (2/2)">
							<conditions>
								<condition number="0" type="jump" coverage="100%"/>
							</conditions>
						</line>
						<line number="80" hits="1" branch="false"/>
						<line number="83" hits="26" branch="false"/>
						<line number="84" hits="26" branch="false"/>
						<line number="96" hits="5" branch="true" condition-coverage="100% (2/2)">
							<conditions>
								<condition number="0" type="jump" coverage="100%"/>
							</conditions>
						</line>
						<line number="97" hits="1" branch="false"/>
						<line number="100" hits="4" branch="true" condition-coverage="100% (2/2)">
							<conditions>
								<condition number="0" type="jump" coverage="100%"/>
							</conditions>
						</line>
						<line number="101" hits="9" branch="false"/>
						<line number="102" hits="9" branch="true" condition-coverage="100% (2/2)">
							<conditions>
								<condition number="0" type="jump" coverage="100%"/>
							</conditions>
						</line>
						<line number="103" hits="1" branch="false"/>
						<line number="105" hits="9" branch="false"/>
						<line number="107" hits="4" branch="false"/>
						<line number="120" hits="3" branch="false"/>
						<line number="130" hits="1" branch="false"/>
						<line number="131" hits="1" branch="false"/>
						<line number="132" hits="1" branch="false"/>
						<line number="140" hits="16" branch="false"/>
						<line number="149" hits="4" branch="false"/>
						<line number="159" hits="28" branch="false"/>
						<line number="172" hits="8" branch="true" condition-coverage="100% (2/2)">
							<conditions>
								<condition number="0" type="jump" coverage="100%"/>
							</conditions>
						</line>
						<line number="173" hits="2" branch="false"/>
						<line number="175" hits="6" branch="false"/>
						<line number="184" hits="0" branch="false"/>
					</lines>
				</class>
				<class name="de.weltraumschaf.neuron.shell.EventHandler" filename="de/weltraumschaf/neuron/shell/EventHandler.java" line-rate="0.29411764705882354" branch-rate="0.0" complexity="2.0">
					<methods>
						<method name="&lt;init&gt;" signature="(Lde/weltraumschaf/commons/IO;)V" line-rate="1.0" branch-rate="1.0">
							<lines>
								<line number="38" hits="3" branch="false"/>
								<line number="43" hits="3" branch="false"/>
								<line number="51" hits="3" branch="false"/>
								<line number="52" hits="3" branch="false"/>
								<line number="53" hits="3" branch="false"/>
							</lines>
						</method>
						<method name="filterNode" signature="(Lde/weltraumschaf/neuron/node/Node;)Z" line-rate="0.0" branch-rate="1.0">
							<lines>
								<line number="95" hits="0" branch="false"/>
							</lines>
						</method>
						<method name="filterType" signature="(Lde/weltraumschaf/neuron/node/Event$Type;)Z" line-rate="0.0" branch-rate="1.0">
							<lines>
								<line number="105" hits="0" branch="false"/>
							</lines>
						</method>
						<method name="shouldPrint" signature="(Lde/weltraumschaf/neuron/node/Node;Lde/weltraumschaf/neuron/node/Event;)Z" line-rate="0.0" branch-rate="0.0">
							<lines>
								<line number="77" hits="0" branch="true" condition-coverage="0% (0/2)">
									<conditions>
										<condition number="0" type="jump" coverage="0%"/>
									</conditions>
								</line>
								<line number="78" hits="0" branch="false"/>
								<line number="81" hits="0" branch="true" condition-coverage="0% (0/2)">
									<conditions>
										<condition number="0" type="jump" coverage="0%"/>
									</conditions>
								</line>
								<line number="82" hits="0" branch="false"/>
								<line number="85" hits="0" branch="false"/>
							</lines>
						</method>
						<method name="update" signature="(Ljava/util/Observable;Ljava/lang/Object;)V" line-rate="0.0" branch-rate="0.0">
							<lines>
								<line number="57" hits="0" branch="false"/>
								<line number="58" hits="0" branch="false"/>
								<line number="60" hits="0" branch="true" condition-coverage="0% (0/2)">
									<conditions>
										<condition number="0" type="jump" coverage="0%"/>
									</conditions>
								</line>
								<line number="61" hits="0" branch="false"/>
								<line number="63" hits="0" branch="false"/>
							</lines>
						</method>
					</methods>
					<lines>
						<line number="38" hits="3" branch="false"/>
						<line number="43" hits="3" branch="false"/>
						<line number="51" hits="3" branch="false"/>
						<line number="52" hits="3" branch="false"/>
						<line number="53" hits="3" branch="false"/>
						<line number="57" hits="0" branch="false"/>
						<line number="58" hits="0" branch="false"/>
						<line number="60" hits="0" branch="true" condition-coverage="0% (0/2)">
							<conditions>
								<condition number="0" type="jump" coverage="0%"/>
							</conditions>
						</line>
						<line number="61" hits="0" branch="false"/>
						<line number="63" hits="0" branch="false"/>
						<line number="77" hits="0" branch="true" condition-coverage="0% (0/2)">
							<conditions>
								<condition number="0" type="jump" coverage="0%"/>
							</conditions>
						</line>
						<line number="78" hits="0" branch="false"/>
						<line number="81" hits="0" branch="true" condition-coverage="0% (0/2)">
							<conditions>
								<condition number="0" type="jump" coverage="0%"/>
							</conditions>
						</line>
						<line number="82" hits="0" branch="false"/>
						<line number="85" hits="0" branch="false"/>
						<line number="95" hits="0" branch="false"/>
						<line number="105" hits="0" branch="false"/>
					</lines>
				</class>
				<class name="de.weltraumschaf.neuron.shell.InteractiveShell" filename="de/weltraumschaf/neuron/shell/InteractiveShell.java" line-rate="0.0" branch-rate="0.0" complexity="1.75">
					<methods>
						<method name="&lt;init&gt;" signature="(Lde/weltraumschaf/commons/IO;)V" line-rate="0.0" branch-rate="1.0">
							<lines>
								<line number="37" hits="0" branch="false"/>
								<line number="47" hits="0" branch="false"/>
								<line number="56" hits="0" branch="false"/>
								<line number="57" hits="0" branch="false"/>
								<line number="58" hits="0" branch="false"/>
								<line number="59" hits="0" branch="false"/>
								<line number="60" hits="0" branch="false"/>
								<line number="61" hits="0" branch="false"/>
							</lines>
						</method>
						<method name="execute" signature="(Lde/weltraumschaf/neuron/shell/ShellCommand;)V" line-rate="0.0" branch-rate="0.0">
							<lines>
								<line number="99" hits="0" branch="false"/>
								<line number="100" hits="0" branch="false"/>
								<line number="102" hits="0" branch="true" condition-coverage="0% (0/2)">
									<conditions>
										<condition number="0" type="jump" coverage="0%"/>
									</conditions>
								</line>
								<line number="103" hits="0" branch="false"/>
								<line number="105" hits="0" branch="false"/>
							</lines>
						</method>
						<method name="exit" signature="()V" line-rate="0.0" branch-rate="1.0">
							<lines>
								<line number="90" hits="0" branch="false"/>
								<line number="91" hits="0" branch="false"/>
							</lines>
						</method>
						<method name="start" signature="()V" line-rate="0.0" branch-rate="0.0">
							<lines>
								<line number="69" hits="0" branch="false"/>
								<line number="70" hits="0" branch="false"/>
								<line number="72" hits="0" branch="true" condition-coverage="0% (0/2)">
									<conditions>
										<condition number="0" type="jump" coverage="0%"/>
									</conditions>
								</line>
								<line number="73" hits="0" branch="false"/>
								<line number="74" hits="0" branch="false"/>
								<line number="76" hits="0" branch="false"/>
								<line number="77" hits="0" branch="false"/>
								<line number="78" hits="0" branch="false"/>
								<line number="79" hits="0" branch="false"/>
								<line number="80" hits="0" branch="false"/>
								<line number="81" hits="0" branch="false"/>
								<line number="83" hits="0" branch="false"/>
								<line number="84" hits="0" branch="false"/>
							</lines>
						</method>
					</methods>
					<lines>
						<line number="37" hits="0" branch="false"/>
						<line number="47" hits="0" branch="false"/>
						<line number="56" hits="0" branch="false"/>
						<line number="57" hits="0" branch="false"/>
						<line number="58" hits="0" branch="false"/>
						<line number="59" hits="0" branch="false"/>
						<line number="60" hits="0" branch="false"/>
						<line number="61" hits="0" branch="false"/>
						<line number="69" hits="0" branch="false"/>
						<line number="70" hits="0" branch="false"/>
						<line number="72" hits="0" branch="true" condition-coverage="0% (0/2)">
							<conditions>
								<condition number="0" type="jump" coverage="0%"/>
							</conditions>
						</line>
						<line number="73" hits="0" branch="false"/>
						<line number="74" hits="0" branch="false"/>
						<line number="76" hits="0" branch="false"/>
						<line number="77" hits="0" branch="false"/>
						<line number="78" hits="0" branch="false"/>
						<line number="79" hits="0" branch="false"/>
						<line number="80" hits="0" branch="false"/>
						<line number="81" hits="0" branch="false"/>
						<line number="83" hits="0" branch="false"/>
						<line number="84" hits="0" branch="false"/>
						<line number="90" hits="0" branch="false"/>
						<line number="91" hits="0" branch="false"/>
						<line number="99" hits="0" branch="false"/>
						<line number="100" hits="0" branch="false"/>
						<line number="102" hits="0" branch="true" condition-coverage="0% (0/2)">
							<conditions>
								<condition number="0" type="jump" coverage="0%"/>
							</conditions>
						</line>
						<line number="103" hits="0" branch="false"/>
						<line number="105" hits="0" branch="false"/>
					</lines>
				</class>
				<class name="de.weltraumschaf.neuron.shell.Parser" filename="de/weltraumschaf/neuron/shell/Parser.java" line-rate="0.7555555555555555" branch-rate="0.47619047619047616" complexity="10.0">
					<methods>
						<method name="&lt;init&gt;" signature="(Lde/weltraumschaf/neuron/shell/Scanner;)V" line-rate="1.0" branch-rate="1.0">
							<lines>
								<line number="37" hits="4" branch="false"/>
								<line number="38" hits="4" branch="false"/>
								<line number="39" hits="4" branch="false"/>
							</lines>
						</method>
						<method name="parse" signature="(Ljava/lang/String;)Lde/weltraumschaf/neuron/shell/ShellCommand;" line-rate="0.9" branch-rate="0.6666666666666666">
							<lines>
								<line number="49" hits="8" branch="false"/>
								<line number="50" hits="8" branch="false"/>
								<line number="52" hits="8" branch="true" condition-coverage="50% (1/2)">
									<conditions>
										<condition number="0" type="jump" coverage="50%"/>
									</conditions>
								</line>
								<line number="53" hits="0" branch="false"/>
								<line number="56" hits="8" branch="true" condition-coverage="50% (1/2)">
									<conditions>
										<condition number="0" type="jump" coverage="50%"/>
									</conditions>
								</line>
								<line number="57" hits="0" branch="false"/>
								<line number="60" hits="8" branch="false"/>
								<line number="61" hits="8" branch="false"/>
								<line number="62" hits="8" branch="false"/>
								<line number="64" hits="8" branch="true" condition-coverage="100% (2/2)">
									<conditions>
										<condition number="0" type="jump" coverage="100%"/>
									</conditions>
								</line>
								<line number="65" hits="5" branch="false"/>
								<line number="67" hits="5" branch="true" condition-coverage="50% (2/4)">
									<conditions>
										<condition number="0" type="jump" coverage="50%"/>
										<condition number="1" type="jump" coverage="50%"/>
									</conditions>
								</line>
								<line number="68" hits="5" branch="false"/>
								<line number="69" hits="5" branch="false"/>
								<line number="75" hits="8" branch="true" condition-coverage="100% (2/2)">
									<conditions>
										<condition number="0" type="jump" coverage="100%"/>
									</conditions>
								</line>
								<line number="76" hits="3" branch="false"/>
								<line number="78" hits="5" branch="false"/>
								<line number="81" hits="8" branch="false"/>
								<line number="82" hits="8" branch="false"/>
								<line number="83" hits="6" branch="false"/>
							</lines>
						</method>
						<method name="verifyCommand" signature="(Lde/weltraumschaf/neuron/shell/ShellCommand;)V" line-rate="0.75" branch-rate="0.5555555555555556">
							<lines>
								<line number="97" hits="8" branch="true" condition-coverage="60% (3/5)">
									<conditions>
										<condition number="0" type="switch" coverage="60%"/>
									</conditions>
								</line>
								<line number="101" hits="3" branch="true" condition-coverage="50% (1/2)">
									<conditions>
										<condition number="0" type="jump" coverage="50%"/>
									</conditions>
								</line>
								<line number="102" hits="0" branch="false"/>
								<line number="105" hits="3" branch="true" condition-coverage="50% (1/2)">
									<conditions>
										<condition number="0" type="jump" coverage="50%"/>
									</conditions>
								</line>
								<line number="106" hits="0" branch="false"/>
								<line number="111" hits="5" branch="false"/>
								<line number="112" hits="3" branch="false"/>
								<line number="116" hits="6" branch="false"/>
							</lines>
						</method>
						<method name="verifyNodeCommand" signature="(Lde/weltraumschaf/neuron/shell/ShellCommand;)V" line-rate="0.5" branch-rate="0.3333333333333333">
							<lines>
								<line number="128" hits="5" branch="false"/>
								<line number="130" hits="5" branch="true" condition-coverage="50% (1/2)">
									<conditions>
										<condition number="0" type="jump" coverage="50%"/>
									</conditions>
								</line>
								<line number="131" hits="0" branch="false"/>
								<line number="134" hits="5" branch="true" condition-coverage="22% (2/9)">
									<conditions>
										<condition number="0" type="switch" coverage="22%"/>
									</conditions>
								</line>
								<line number="136" hits="0" branch="true" condition-coverage="0% (0/2)">
									<conditions>
										<condition number="0" type="jump" coverage="0%"/>
									</conditions>
								</line>
								<line number="137" hits="0" branch="false"/>
								<line number="141" hits="1" branch="true" condition-coverage="50% (2/4)">
									<conditions>
										<condition number="0" type="jump" coverage="50%"/>
										<condition number="1" type="jump" coverage="50%"/>
									</conditions>
								</line>
								<line number="142" hits="0" branch="false"/>
								<line number="149" hits="4" branch="true" condition-coverage="100% (2/2)">
									<conditions>
										<condition number="0" type="jump" coverage="100%"/>
									</conditions>
								</line>
								<line number="150" hits="2" branch="false"/>
								<line number="157" hits="0" branch="true" condition-coverage="0% (0/2)">
									<conditions>
										<condition number="0" type="jump" coverage="0%"/>
									</conditions>
								</line>
								<line number="158" hits="0" branch="false"/>
								<line number="162" hits="0" branch="false"/>
								<line number="168" hits="3" branch="false"/>
							</lines>
						</method>
					</methods>
					<lines>
						<line number="37" hits="4" branch="false"/>
						<line number="38" hits="4" branch="false"/>
						<line number="39" hits="4" branch="false"/>
						<line number="49" hits="8" branch="false"/>
						<line number="50" hits="8" branch="false"/>
						<line number="52" hits="8" branch="true" condition-coverage="50% (1/2)">
							<conditions>
								<condition number="0" type="jump" coverage="50%"/>
							</conditions>
						</line>
						<line number="53" hits="0" branch="false"/>
						<line number="56" hits="8" branch="true" condition-coverage="50% (1/2)">
							<conditions>
								<condition number="0" type="jump" coverage="50%"/>
							</conditions>
						</line>
						<line number="57" hits="0" branch="false"/>
						<line number="60" hits="8" branch="false"/>
						<line number="61" hits="8" branch="false"/>
						<line number="62" hits="8" branch="false"/>
						<line number="64" hits="8" branch="true" condition-coverage="100% (2/2)">
							<conditions>
								<condition number="0" type="jump" coverage="100%"/>
							</conditions>
						</line>
						<line number="65" hits="5" branch="false"/>
						<line number="67" hits="5" branch="true" condition-coverage="50% (2/4)">
							<conditions>
								<condition number="0" type="jump" coverage="50%"/>
								<condition number="1" type="jump" coverage="50%"/>
							</conditions>
						</line>
						<line number="68" hits="5" branch="false"/>
						<line number="69" hits="5" branch="false"/>
						<line number="75" hits="8" branch="true" condition-coverage="100% (2/2)">
							<conditions>
								<condition number="0" type="jump" coverage="100%"/>
							</conditions>
						</line>
						<line number="76" hits="3" branch="false"/>
						<line number="78" hits="5" branch="false"/>
						<line number="81" hits="8" branch="false"/>
						<line number="82" hits="8" branch="false"/>
						<line number="83" hits="6" branch="false"/>
						<line number="97" hits="8" branch="true" condition-coverage="60% (3/5)">
							<conditions>
								<condition number="0" type="switch" coverage="60%"/>
							</conditions>
						</line>
						<line number="101" hits="3" branch="true" condition-coverage="50% (1/2)">
							<conditions>
								<condition number="0" type="jump" coverage="50%"/>
							</conditions>
						</line>
						<line number="102" hits="0" branch="false"/>
						<line number="105" hits="3" branch="true" condition-coverage="50% (1/2)">
							<conditions>
								<condition number="0" type="jump" coverage="50%"/>
							</conditions>
						</line>
						<line number="106" hits="0" branch="false"/>
						<line number="111" hits="5" branch="false"/>
						<line number="112" hits="3" branch="false"/>
						<line number="116" hits="6" branch="false"/>
						<line number="128" hits="5" branch="false"/>
						<line number="130" hits="5" branch="true" condition-coverage="50% (1/2)">
							<conditions>
								<condition number="0" type="jump" coverage="50%"/>
							</conditions>
						</line>
						<line number="131" hits="0" branch="false"/>
						<line number="134" hits="5" branch="true" condition-coverage="22% (2/9)">
							<conditions>
								<condition number="0" type="switch" coverage="22%"/>
							</conditions>
						</line>
						<line number="136" hits="0" branch="true" condition-coverage="0% (0/2)">
							<conditions>
								<condition number="0" type="jump" coverage="0%"/>
							</conditions>
						</line>
						<line number="137" hits="0" branch="false"/>
						<line number="141" hits="1" branch="true" condition-coverage="50% (2/4)">
							<conditions>
								<condition number="0" type="jump" coverage="50%"/>
								<condition number="1" type="jump" coverage="50%"/>
							</conditions>
						</line>
						<line number="142" hits="0" branch="false"/>
						<line number="149" hits="4" branch="true" condition-coverage="100% (2/2)">
							<conditions>
								<condition number="0" type="jump" coverage="100%"/>
							</conditions>
						</line>
						<line number="150" hits="2" branch="false"/>
						<line number="157" hits="0" branch="true" condition-coverage="0% (0/2)">
							<conditions>
								<condition number="0" type="jump" coverage="0%"/>
							</conditions>
						</line>
						<line number="158" hits="0" branch="false"/>
						<line number="162" hits="0" branch="false"/>
						<line number="168" hits="3" branch="false"/>
					</lines>
				</class>
				<class name="de.weltraumschaf.neuron.shell.Parser$1" filename="de/weltraumschaf/neuron/shell/Parser.java" line-rate="1.0" branch-rate="1.0" complexity="10.0">
					<methods>
						<method name="&lt;clinit&gt;" signature="()V" line-rate="1.0" branch-rate="1.0">
							<lines>
								<line number="97" hits="1" branch="false"/>
								<line number="134" hits="1" branch="false"/>
							</lines>
						</method>
					</methods>
					<lines>
						<line number="97" hits="1" branch="false"/>
						<line number="134" hits="1" branch="false"/>
					</lines>
				</class>
				<class name="de.weltraumschaf.neuron.shell.Scanner" filename="de/weltraumschaf/neuron/shell/Scanner.java" line-rate="1.0" branch-rate="0.95" complexity="4.0">
					<methods>
						<method name="&lt;init&gt;" signature="()V" line-rate="1.0" branch-rate="1.0">
							<lines>
								<line number="22" hits="12" branch="false"/>
							</lines>
						</method>
						<method name="scan" signature="(Ljava/lang/String;)Ljava/util/List;" line-rate="1.0" branch-rate="1.0">
							<lines>
								<line number="35" hits="18" branch="true" condition-coverage="100% (2/2)">
									<conditions>
										<condition number="0" type="jump" coverage="100%"/>
									</conditions>
								</line>
								<line number="36" hits="1" branch="false"/>
								<line number="39" hits="17" branch="false"/>
								<line number="41" hits="17" branch="true" condition-coverage="100% (2/2)">
									<conditions>
[...]
							<lines>
								<line number="98" hits="12" branch="false"/>
								<line number="100" hits="12" branch="false"/>
								<line number="102" hits="46" branch="true" condition-coverage="100% (2/2)">
									<conditions>
										<condition number="0" type="jump" coverage="100%"/>
									</conditions>
								</line>
								<line number="103" hits="40" branch="false"/>
								<line number="105" hits="40" branch="true" condition-coverage="100% (2/2)">
									<conditions>
										<condition number="0" type="jump" coverage="100%"/>
									</conditions>
								</line>
								<line number="106" hits="5" branch="false"/>
								<line number="109" hits="35" branch="true" condition-coverage="100% (2/2)">
									<conditions>
										<condition number="0" type="jump" coverage="100%"/>
									</conditions>
								</line>
								<line number="110" hits="1" branch="false"/>
								<line number="114" hits="34" branch="false"/>
								<line number="115" hits="34" branch="false"/>
								<line number="117" hits="11" branch="false"/>
							</lines>
						</method>
					</methods>
					<lines>
						<line number="22" hits="12" branch="false"/>
						<line number="35" hits="18" branch="true" condition-coverage="100% (2/2)">
							<conditions>
								<condition number="0" type="jump" coverage="100%"/>
							</conditions>
						</line>
						<line number="36" hits="1" branch="false"/>
						<line number="39" hits="17" branch="false"/>
						<line number="41" hits="17" branch="true" condition-coverage="100% (2/2)">
							<conditions>
								<condition number="0" type="jump" coverage="100%"/>
							</conditions>
						</line>
						<line number="42" hits="16" branch="false"/>
						<line number="45" hits="16" branch="false"/>
						<line number="56" hits="49" branch="true" condition-coverage="100% (2/2)">
							<conditions>
								<condition number="0" type="jump" coverage="100%"/>
							</conditions>
						</line>
						<line number="57" hits="34" branch="false"/>
						<line number="59" hits="34" branch="true" condition-coverage="100% (2/2)">
							<conditions>
								<condition number="0" type="jump" coverage="100%"/>
							</conditions>
						</line>
						<line number="60" hits="22" branch="false"/>
						<line number="61" hits="12" branch="true" condition-coverage="50% (1/2)">
							<conditions>
								<condition number="0" type="jump" coverage="50%"/>
							</conditions>
						</line>
						<line number="62" hits="12" branch="false"/>
						<line number="64" hits="33" branch="false"/>
						<line number="65" hits="15" branch="false"/>
						<line number="74" hits="22" branch="false"/>
						<line number="75" hits="22" branch="false"/>
						<line number="77" hits="80" branch="true" condition-coverage="100% (2/2)">
							<conditions>
								<condition number="0" type="jump" coverage="100%"/>
							</conditions>
						</line>
						<line number="78" hits="71" branch="false"/>
						<line number="80" hits="71" branch="true" condition-coverage="100% (2/2)">
							<conditions>
								<condition number="0" type="jump" coverage="100%"/>
							</conditions>
						</line>
						<line number="81" hits="13" branch="false"/>
						<line number="84" hits="58" branch="false"/>
						<line number="85" hits="58" branch="false"/>
						<line number="87" hits="22" branch="false"/>
						<line number="98" hits="12" branch="false"/>
						<line number="100" hits="12" branch="false"/>
						<line number="102" hits="46" branch="true" condition-coverage="100% (2/2)">
							<conditions>
								<condition number="0" type="jump" coverage="100%"/>
							</conditions>
						</line>
						<line number="103" hits="40" branch="false"/>
						<line number="105" hits="40" branch="true" condition-coverage="100% (2/2)">
							<conditions>
								<condition number="0" type="jump" coverage="100%"/>
							</conditions>
						</line>
						<line number="106" hits="5" branch="false"/>
						<line number="109" hits="35" branch="true" condition-coverage="100% (2/2)">
							<conditions>
								<condition number="0" type="jump" coverage="100%"/>
							</conditions>
						</line>
						<line number="110" hits="1" branch="false"/>
						<line number="114" hits="34" branch="false"/>
						<line number="115" hits="34" branch="false"/>
						<line number="117" hits="11" branch="false"/>
					</lines>
				</class>
				<class name="de.weltraumschaf.neuron.shell.ShellCommand" filename="de/weltraumschaf/neuron/shell/ShellCommand.java" line-rate="1.0" branch-rate="1.0" complexity="1.2857142857142858">
					<methods>
						<method name="&lt;clinit&gt;" signature="()V" line-rate="1.0" branch-rate="1.0">
							<lines>
								<line number="112" hits="1" branch="false"/>
								<line number="117" hits="1" branch="false"/>
								<line number="120" hits="5" branch="false"/>
								<line number="121" hits="4" branch="false"/>
								<line number="123" hits="10" branch="false"/>
								<line number="124" hits="9" branch="false"/>
								<line number="125" hits="1" branch="false"/>
								<line number="127" hits="8" branch="false"/>
								<line number="129" hits="1" branch="false"/>
							</lines>
						</method>
						<method name="&lt;init&gt;" signature="(Lde/weltraumschaf/neuron/shell/ShellCommand$MainType;Lde/weltraumschaf/neuron/shell/ShellCommand$SubType;Ljava/util/List;)V" line-rate="1.0" branch-rate="1.0">
							<lines>
								<line number="168" hits="12" branch="false"/>
								<line number="169" hits="12" branch="false"/>
								<line number="170" hits="12" branch="false"/>
								<line number="171" hits="12" branch="false"/>
								<line number="172" hits="12" branch="false"/>
							</lines>
						</method>
						<method name="&lt;init&gt;" signature="(Lde/weltraumschaf/neuron/shell/ShellCommand$MainType;Ljava/util/List;)V" line-rate="1.0" branch-rate="1.0">
							<lines>
								<line number="157" hits="2" branch="false"/>
								<line number="158" hits="2" branch="false"/>
							</lines>
						</method>
						<method name="determineCommand" signature="(Lde/weltraumschaf/neuron/shell/Token;)Lde/weltraumschaf/neuron/shell/ShellCommand$MainType;" line-rate="1.0" branch-rate="1.0">
							<lines>
								<line number="228" hits="13" branch="true" condition-coverage="100% (2/2)">
									<conditions>
										<condition number="0" type="jump" coverage="100%"/>
									</conditions>
								</line>
								<line number="229" hits="1" branch="false"/>
								<line number="231" hits="12" branch="false"/>
							</lines>
						</method>
						<method name="determineSubCommand" signature="(Lde/weltraumschaf/neuron/shell/Token;)Lde/weltraumschaf/neuron/shell/ShellCommand$SubType;" line-rate="1.0" branch-rate="1.0">
							<lines>
								<line number="257" hits="11" branch="true" condition-coverage="100% (2/2)">
									<conditions>
										<condition number="0" type="jump" coverage="100%"/>
									</conditions>
								</line>
								<line number="258" hits="1" branch="false"/>
								<line number="260" hits="10" branch="false"/>
							</lines>
						</method>
						<method name="getArguments" signature="()Ljava/util/List;" line-rate="1.0" branch-rate="1.0">
							<lines>
								<line number="202" hits="19" branch="false"/>
							</lines>
						</method>
						<method name="getCommand" signature="()Lde/weltraumschaf/neuron/shell/ShellCommand$MainType;" line-rate="1.0" branch-rate="1.0">
							<lines>
								<line number="180" hits="18" branch="false"/>
							</lines>
						</method>
						<method name="getSubCommand" signature="()Lde/weltraumschaf/neuron/shell/ShellCommand$SubType;" line-rate="1.0" branch-rate="1.0">
							<lines>
								<line number="191" hits="23" branch="false"/>
							</lines>
						</method>
						<method name="isCommand" signature="(Lde/weltraumschaf/neuron/shell/Token;)Z" line-rate="1.0" branch-rate="1.0">
							<lines>
								<line number="212" hits="27" branch="false"/>
							</lines>
						</method>
						<method name="isSubCommand" signature="(Lde/weltraumschaf/neuron/shell/Token;)Z" line-rate="1.0" branch-rate="1.0">
							<lines>
								<line number="241" hits="21" branch="false"/>
							</lines>
						</method>
						<method name="toString" signature="()Ljava/lang/String;" line-rate="1.0" branch-rate="1.0">
							<lines>
								<line number="265" hits="2" branch="false"/>
							</lines>
						</method>
					</methods>
					<lines>
						<line number="112" hits="1" branch="false"/>
						<line number="117" hits="1" branch="false"/>
						<line number="120" hits="5" branch="false"/>
						<line number="121" hits="4" branch="false"/>
						<line number="123" hits="10" branch="false"/>
						<line number="124" hits="9" branch="false"/>
						<line number="125" hits="1" branch="false"/>
						<line number="127" hits="8" branch="false"/>
						<line number="129" hits="1" branch="false"/>
						<line number="157" hits="2" branch="false"/>
						<line number="158" hits="2" branch="false"/>
						<line number="168" hits="12" branch="false"/>
						<line number="169" hits="12" branch="false"/>
						<line number="170" hits="12" branch="false"/>
						<line number="171" hits="12" branch="false"/>
						<line number="172" hits="12" branch="false"/>
						<line number="180" hits="18" branch="false"/>
						<line number="191" hits="23" branch="false"/>
						<line number="202" hits="19" branch="false"/>
						<line number="212" hits="27" branch="false"/>
						<line number="228" hits="13" branch="true" condition-coverage="100% (2/2)">
							<conditions>
								<condition number="0" type="jump" coverage="100%"/>
							</conditions>
						</line>
						<line number="229" hits="1" branch="false"/>
						<line number="231" hits="12" branch="false"/>
						<line number="241" hits="21" branch="false"/>
						<line number="257" hits="11" branch="true" condition-coverage="100% (2/2)">
							<conditions>
								<condition number="0" type="jump" coverage="100%"/>
							</conditions>
						</line>
						<line number="258" hits="1" branch="false"/>
						<line number="260" hits="10" branch="false"/>
						<line number="265" hits="2" branch="false"/>
					</lines>
				</class>
				<class name="de.weltraumschaf.neuron.shell.ShellCommand$MainType" filename="de/weltraumschaf/neuron/shell/ShellCommand.java" line-rate="1.0" branch-rate="1.0" complexity="1.2857142857142858">
					<methods>
						<method name="&lt;clinit&gt;" signature="()V" line-rate="1.0" branch-rate="1.0">
							<lines>
								<line number="33" hits="3" branch="false"/>
								<line number="36" hits="1" branch="false"/>
								<line number="38" hits="1" branch="false"/>
								<line number="40" hits="1" branch="false"/>
								<line number="42" hits="1" branch="false"/>
							</lines>
						</method>
						<method name="&lt;init&gt;" signature="(Ljava/lang/String;ILjava/lang/String;)V" line-rate="1.0" branch-rate="1.0">
							<lines>
								<line number="54" hits="4" branch="false"/>
								<line number="55" hits="4" branch="false"/>
								<line number="56" hits="4" branch="false"/>
							</lines>
						</method>
						<method name="toString" signature="()Ljava/lang/String;" line-rate="1.0" branch-rate="1.0">
							<lines>
								<line number="60" hits="8" branch="false"/>
							</lines>
						</method>
						<method name="valueOf" signature="(Ljava/lang/String;)Lde/weltraumschaf/neuron/shell/ShellCommand$MainType;" line-rate="1.0" branch-rate="1.0">
							<lines>
							</lines>
						</method>
						<method name="values" signature="()[Lde/weltraumschaf/neuron/shell/ShellCommand$MainType;" line-rate="1.0" branch-rate="1.0">
							<lines>
							</lines>
						</method>
					</methods>
					<lines>
						<line number="33" hits="3" branch="false"/>
						<line number="36" hits="1" branch="false"/>
						<line number="38" hits="1" branch="false"/>
						<line number="40" hits="1" branch="false"/>
						<line number="42" hits="1" branch="false"/>
						<line number="54" hits="4" branch="false"/>
						<line number="55" hits="4" branch="false"/>
						<line number="56" hits="4" branch="false"/>
						<line number="60" hits="8" branch="false"/>
					</lines>
				</class>
				<class name="de.weltraumschaf.neuron.shell.ShellCommand$SubType" filename="de/weltraumschaf/neuron/shell/ShellCommand.java" line-rate="1.0" branch-rate="1.0" complexity="1.2857142857142858">
					<methods>
						<method name="&lt;clinit&gt;" signature="()V" line-rate="1.0" branch-rate="1.0">
							<lines>
								<line number="68" hits="3" branch="false"/>
								<line number="70" hits="1" branch="false"/>
								<line number="72" hits="1" branch="false"/>
								<line number="74" hits="1" branch="false"/>
								<line number="76" hits="1" branch="false"/>
								<line number="78" hits="1" branch="false"/>
								<line number="80" hits="1" branch="false"/>
								<line number="82" hits="1" branch="false"/>
								<line number="84" hits="1" branch="false"/>
								<line number="86" hits="1" branch="false"/>
							</lines>
						</method>
						<method name="&lt;init&gt;" signature="(Ljava/lang/String;ILjava/lang/String;)V" line-rate="1.0" branch-rate="1.0">
							<lines>
								<line number="98" hits="9" branch="false"/>
								<line number="99" hits="9" branch="false"/>
								<line number="100" hits="9" branch="false"/>
							</lines>
						</method>
						<method name="toString" signature="()Ljava/lang/String;" line-rate="1.0" branch-rate="1.0">
							<lines>
								<line number="104" hits="12" branch="false"/>
							</lines>
						</method>
						<method name="valueOf" signature="(Ljava/lang/String;)Lde/weltraumschaf/neuron/shell/ShellCommand$SubType;" line-rate="1.0" branch-rate="1.0">
							<lines>
							</lines>
						</method>
						<method name="values" signature="()[Lde/weltraumschaf/neuron/shell/ShellCommand$SubType;" line-rate="1.0" branch-rate="1.0">
							<lines>
							</lines>
						</method>
					</methods>
					<lines>
						<line number="68" hits="3" branch="false"/>
						<line number="70" hits="1" branch="false"/>
						<line number="72" hits="1" branch="false"/>
						<line number="74" hits="1" branch="false"/>
						<line number="76" hits="1" branch="false"/>
						<line number="78" hits="1" branch="false"/>
						<line number="80" hits="1" branch="false"/>
						<line number="82" hits="1" branch="false"/>
						<line number="84" hits="1" branch="false"/>
						<line number="86" hits="1" branch="false"/>
						<line number="98" hits="9" branch="false"/>
						<line number="99" hits="9" branch="false"/>
						<line number="100" hits="9" branch="false"/>
						<line number="104" hits="12" branch="false"/>
					</lines>
				</class>
				<class name="de.weltraumschaf.neuron.shell.SyntaxException" filename="de/weltraumschaf/neuron/shell/SyntaxException.java" line-rate="0.5" branch-rate="1.0" complexity="1.0">
					<methods>
						<method name="&lt;init&gt;" signature="()V" line-rate="0.0" branch-rate="1.0">
							<lines>
								<line number="30" hits="0" branch="false"/>
								<line number="31" hits="0" branch="false"/>
							</lines>
						</method>
						<method name="&lt;init&gt;" signature="(Ljava/lang/String;)V" line-rate="1.0" branch-rate="1.0">
							<lines>
								<line number="39" hits="3" branch="false"/>
								<line number="40" hits="3" branch="false"/>
							</lines>
						</method>
						<method name="&lt;init&gt;" signature="(Ljava/lang/String;Ljava/lang/Throwable;)V" line-rate="1.0" branch-rate="1.0">
							<lines>
								<line number="58" hits="3" branch="false"/>
								<line number="59" hits="3" branch="false"/>
							</lines>
						</method>
						<method name="&lt;init&gt;" signature="(Ljava/lang/Throwable;)V" line-rate="0.0" branch-rate="1.0">
							<lines>
								<line number="48" hits="0" branch="false"/>
								<line number="49" hits="0" branch="false"/>
							</lines>
						</method>
					</methods>
					<lines>
						<line number="30" hits="0" branch="false"/>
						<line number="31" hits="0" branch="false"/>
						<line number="39" hits="3" branch="false"/>
						<line number="40" hits="3" branch="false"/>
						<line number="48" hits="0" branch="false"/>
						<line number="49" hits="0" branch="false"/>
						<line number="58" hits="3" branch="false"/>
						<line number="59" hits="3" branch="false"/>
					</lines>
				</class>
				<class name="de.weltraumschaf.neuron.shell.Token" filename="de/weltraumschaf/neuron/shell/Token.java" line-rate="1.0" branch-rate="1.0" complexity="1.0">
					<methods>
						<method name="&lt;init&gt;" signature="(Lde/weltraumschaf/neuron/shell/TokenType;Ljava/lang/Object;)V" line-rate="1.0" branch-rate="1.0">
							<lines>
								<line number="40" hits="61" branch="false"/>
								<line number="41" hits="61" branch="false"/>
								<line number="42" hits="61" branch="false"/>
								<line number="43" hits="61" branch="false"/>
							</lines>
						</method>
						<method name="getType" signature="()Lde/weltraumschaf/neuron/shell/TokenType;" line-rate="1.0" branch-rate="1.0">
							<lines>
								<line number="71" hits="33" branch="false"/>
							</lines>
						</method>
						<method name="getValue" signature="()Ljava/lang/Object;" line-rate="1.0" branch-rate="1.0">
							<lines>
								<line number="80" hits="94" branch="false"/>
							</lines>
						</method>
						<method name="newToken" signature="(Ljava/lang/Integer;)Lde/weltraumschaf/neuron/shell/Token;" line-rate="1.0" branch-rate="1.0">
							<lines>
								<line number="62" hits="15" branch="false"/>
							</lines>
						</method>
						<method name="newToken" signature="(Ljava/lang/String;)Lde/weltraumschaf/neuron/shell/Token;" line-rate="1.0" branch-rate="1.0">
							<lines>
								<line number="52" hits="46" branch="false"/>
							</lines>
						</method>
						<method name="toString" signature="()Ljava/lang/String;" line-rate="1.0" branch-rate="1.0">
							<lines>
								<line number="85" hits="6" branch="false"/>
							</lines>
						</method>
					</methods>
					<lines>
						<line number="40" hits="61" branch="false"/>
						<line number="41" hits="61" branch="false"/>
						<line number="42" hits="61" branch="false"/>
						<line number="43" hits="61" branch="false"/>
						<line number="52" hits="46" branch="false"/>
						<line number="62" hits="15" branch="false"/>
						<line number="71" hits="33" branch="false"/>
						<line number="80" hits="94" branch="false"/>
						<line number="85" hits="6" branch="false"/>
					</lines>
				</class>
				<class name="de.weltraumschaf.neuron.shell.TokenType" filename="de/weltraumschaf/neuron/shell/TokenType.java" line-rate="1.0" branch-rate="1.0" complexity="0.0">
					<methods>
						<method name="&lt;clinit&gt;" signature="()V" line-rate="1.0" branch-rate="1.0">
							<lines>
								<line number="19" hits="4" branch="false"/>
								<line number="26" hits="1" branch="false"/>
								<line number="32" hits="1" branch="false"/>
								<line number="38" hits="1" branch="false"/>
							</lines>
						</method>
						<method name="&lt;init&gt;" signature="(Ljava/lang/String;I)V" line-rate="1.0" branch-rate="1.0">
							<lines>
							</lines>
						</method>
						<method name="valueOf" signature="(Ljava/lang/String;)Lde/weltraumschaf/neuron/shell/TokenType;" line-rate="1.0" branch-rate="1.0">
							<lines>
							</lines>
						</method>
						<method name="values" signature="()[Lde/weltraumschaf/neuron/shell/TokenType;" line-rate="1.0" branch-rate="1.0">
							<lines>
							</lines>
						</method>
					</methods>
					<lines>
						<line number="19" hits="4" branch="false"/>
						<line number="26" hits="1" branch="false"/>
						<line number="32" hits="1" branch="false"/>
						<line number="38" hits="1" branch="false"/>
					</lines>
				</class>
			</classes>
		</package>
	</packages>
</coverage>
